# JRE version: OpenJDK Runtime Environment Temurin-17.0.18+8 (17.0.18+8) (build 17.0.18+8)
# Java VM: OpenJDK 64-Bit Server VM Temurin-17.0.18+8 (17.0.18+8, mixed mode, sharing, tiered, compressed oops, compressed class ptrs, g1 gc, windows-amd64)
GC Precious Log:
 CPUs: 8 total, 8 available
 Memory: 6082M
 Large Page Support: Disabled
 NUMA Support: Disabled
 Compressed Oops: Enabled (32-bit)
 Heap Region Size: 1M
 Heap Min Capacity: 8M
 Heap Initial Capacity: 96M
 Heap Max Capacity: 1522M
 Pre-touch: Disabled
 Parallel Workers: 8
 Concurrent Workers: 2
 Concurrent Refinement Workers: 8
 Periodic GC: Disabled
Heap:
 garbage-first heap   total 227328K, used 171006K [0x00000000a0e00000, 0x0000000100000000)
  region size 1024K, 111 young (113664K), 5 survivors (5120K)
 Metaspace       used 106385K, committed 107264K, reserved 1179648K
  class space    used 14295K, committed 14720K, reserved 1048576K
GC Heap History (20 events):
Event: 201.180 GC heap before
{Heap before GC invocations=24 (full 0):
 garbage-first heap   total 227328K, used 176126K [0x00000000a0e00000, 0x0000000100000000)
  region size 1024K, 122 young (124928K), 1 survivors (1024K)
 Metaspace       used 33609K, committed 34048K, reserved 1114112K
  class space    used 3752K, committed 3968K, reserved 1048576K
}
Event: 201.234 GC heap after
{Heap after GC invocations=25 (full 0):
 garbage-first heap   total 227328K, used 67332K [0x00000000a0e00000, 0x0000000100000000)
  region size 1024K, 15 young (15360K), 15 survivors (15360K)
 Metaspace       used 33609K, committed 34048K, reserved 1114112K
  class space    used 3752K, committed 3968K, reserved 1048576K
}
Event: 218.793 GC heap before
{Heap before GC invocations=25 (full 0):
 garbage-first heap   total 227328K, used 164612K [0x00000000a0e00000, 0x0000000100000000)
  region size 1024K, 110 young (112640K), 15 survivors (15360K)
 Metaspace       used 33961K, committed 34432K, reserved 1114112K
  class space    used 3769K, committed 3968K, reserved 1048576K
}
Event: 219.010 GC heap after
{Heap after GC invocations=26 (full 0):
 garbage-first heap   total 227328K, used 71332K [0x00000000a0e00000, 0x0000000100000000)
  region size 1024K, 5 young (5120K), 5 survivors (5120K)
 Metaspace       used 33961K, committed 34432K, reserved 1114112K
  class space    used 3769K, committed 3968K, reserved 1048576K
}
Event: 242.490 GC heap before
{Heap before GC invocations=26 (full 0):
 garbage-first heap   total 227328K, used 173732K [0x00000000a0e00000, 0x0000000100000000)
  region size 1024K, 103 young (105472K), 5 survivors (5120K)
 Metaspace       used 42396K, committed 43008K, reserved 1114112K
  class space    used 4821K, committed 5120K, reserved 1048576K
}
Event: 242.548 GC heap after
{Heap after GC invocations=27 (full 0):
 garbage-first heap   total 227328K, used 81203K [0x00000000a0e00000, 0x0000000100000000)
  region size 1024K, 12 young (12288K), 12 survivors (12288K)
 Metaspace       used 42396K, committed 43008K, reserved 1114112K
  class space    used 4821K, committed 5120K, reserved 1048576K
}
Event: 255.891 GC heap before
{Heap before GC invocations=27 (full 0):
 garbage-first heap   total 227328K, used 138547K [0x00000000a0e00000, 0x0000000100000000)
  region size 1024K, 69 young (70656K), 12 survivors (12288K)
 Metaspace       used 53267K, committed 53888K, reserved 1114112K
  class space    used 6423K, committed 6720K, reserved 1048576K
}
Event: 255.951 GC heap after
{Heap after GC invocations=28 (full 0):
 garbage-first heap   total 227328K, used 84833K [0x00000000a0e00000, 0x0000000100000000)
  region size 1024K, 4 young (4096K), 4 survivors (4096K)
 Metaspace       used 53267K, committed 53888K, reserved 1114112K
  class space    used 6423K, committed 6720K, reserved 1048576K
}
Event: 274.816 GC heap before
{Heap before GC invocations=29 (full 0):
 garbage-first heap   total 227328K, used 175969K [0x00000000a0e00000, 0x0000000100000000)
  region size 1024K, 98 young (100352K), 4 survivors (4096K)
 Metaspace       used 62709K, committed 63424K, reserved 1114112K
  class space    used 7745K, committed 8064K, reserved 1048576K
}
Event: 274.839 GC heap after
{Heap after GC invocations=30 (full 0):
 garbage-first heap   total 227328K, used 85675K [0x00000000a0e00000, 0x0000000100000000)
  region size 1024K, 10 young (10240K), 10 survivors (10240K)
 Metaspace       used 62709K, committed 63424K, reserved 1114112K
  class space    used 7745K, committed 8064K, reserved 1048576K
}
Event: 274.955 GC heap before
{Heap before GC invocations=30 (full 0):
 garbage-first heap   total 227328K, used 86699K [0x00000000a0e00000, 0x0000000100000000)
  region size 1024K, 11 young (11264K), 10 survivors (10240K)
 Metaspace       used 62886K, committed 63616K, reserved 1114112K
  class space    used 7779K, committed 8128K, reserved 1048576K
}
Event: 275.027 GC heap after
{Heap after GC invocations=31 (full 0):
 garbage-first heap   total 227328K, used 70507K [0x00000000a0e00000, 0x0000000100000000)
  region size 1024K, 2 young (2048K), 2 survivors (2048K)
 Metaspace       used 62886K, committed 63616K, reserved 1114112K
  class space    used 7779K, committed 8128K, reserved 1048576K
}
Event: 290.902 GC heap before
{Heap before GC invocations=31 (full 0):
 garbage-first heap   total 227328K, used 175979K [0x00000000a0e00000, 0x0000000100000000)
  region size 1024K, 105 young (107520K), 2 survivors (2048K)
 Metaspace       used 84377K, committed 85120K, reserved 1179648K
  class space    used 10806K, committed 11136K, reserved 1048576K
}
Event: 290.929 GC heap after
{Heap after GC invocations=32 (full 0):
 garbage-first heap   total 227328K, used 73760K [0x00000000a0e00000, 0x0000000100000000)
  region size 1024K, 5 young (5120K), 5 survivors (5120K)
 Metaspace       used 84377K, committed 85120K, reserved 1179648K
  class space    used 10806K, committed 11136K, reserved 1048576K
}
Event: 315.792 GC heap before
{Heap before GC invocations=33 (full 0):
 garbage-first heap   total 227328K, used 173088K [0x00000000a0e00000, 0x0000000100000000)
  region size 1024K, 108 young (110592K), 5 survivors (5120K)
 Metaspace       used 94960K, committed 95744K, reserved 1179648K
  class space    used 12584K, committed 12992K, reserved 1048576K
}
Event: 315.816 GC heap after
{Heap after GC invocations=34 (full 0):
 garbage-first heap   total 227328K, used 72644K [0x00000000a0e00000, 0x0000000100000000)
  region size 1024K, 10 young (10240K), 10 survivors (10240K)
 Metaspace       used 94960K, committed 95744K, reserved 1179648K
  class space    used 12584K, committed 12992K, reserved 1048576K
}
Event: 315.884 GC heap before
{Heap before GC invocations=34 (full 0):
 garbage-first heap   total 227328K, used 73668K [0x00000000a0e00000, 0x0000000100000000)
  region size 1024K, 11 young (11264K), 10 survivors (10240K)
 Metaspace       used 95308K, committed 96128K, reserved 1179648K
  class space    used 12604K, committed 12992K, reserved 1048576K
}
Event: 315.924 GC heap after
{Heap after GC invocations=35 (full 0):
 garbage-first heap   total 227328K, used 60913K [0x00000000a0e00000, 0x0000000100000000)
  region size 1024K, 2 young (2048K), 2 survivors (2048K)
 Metaspace       used 95308K, committed 96128K, reserved 1179648K
  class space    used 12604K, committed 12992K, reserved 1048576K
}
Event: 344.813 GC heap before
{Heap before GC invocations=35 (full 0):
 garbage-first heap   total 227328K, used 177649K [0x00000000a0e00000, 0x0000000100000000)
  region size 1024K, 116 young (118784K), 2 survivors (2048K)
 Metaspace       used 100377K, committed 101120K, reserved 1179648K
  class space    used 13458K, committed 13824K, reserved 1048576K
}
Event: 344.846 GC heap after
{Heap after GC invocations=36 (full 0):
 garbage-first heap   total 227328K, used 64510K [0x00000000a0e00000, 0x0000000100000000)
  region size 1024K, 5 young (5120K), 5 survivors (5120K)
 Metaspace       used 100377K, committed 101120K, reserved 1179648K
  class space    used 13458K, committed 13824K, reserved 1048576K
}

