# JRE version: OpenJDK Runtime Environment Temurin-17.0.18+8 (17.0.18+8) (build 17.0.18+8)
# Java VM: OpenJDK 64-Bit Server VM Temurin-17.0.18+8 (17.0.18+8, mixed mode, sharing, tiered, compressed oops, compressed class ptrs, g1 gc, windows-amd64)
GC Precious Log:
 CPUs: 8 total, 8 available
 Memory: 6082M
 Large Page Support: Disabled
 NUMA Support: Disabled
 Compressed Oops: Enabled (32-bit)
 Heap Region Size: 1M
 Heap Min Capacity: 8M
 Heap Initial Capacity: 96M
 Heap Max Capacity: 512M
 Pre-touch: Disabled
 Parallel Workers: 8
 Concurrent Workers: 2
 Concurrent Refinement Workers: 8
 Periodic GC: Disabled
Heap:
 garbage-first heap   total 66560K, used 45041K [0x00000000e0000000, 0x0000000100000000)
  region size 1024K, 12 young (12288K), 2 survivors (2048K)
 Metaspace       used 67177K, committed 67712K, reserved 1114112K
  class space    used 9729K, committed 9984K, reserved 1048576K
GC Heap History (20 events):
Event: 40.892 GC heap before
{Heap before GC invocations=14 (full 0):
 garbage-first heap   total 58368K, used 46192K [0x00000000e0000000, 0x0000000100000000)
  region size 1024K, 25 young (25600K), 3 survivors (3072K)
 Metaspace       used 55279K, committed 55808K, reserved 1114112K
  class space    used 7750K, committed 8000K, reserved 1048576K
}
Event: 40.904 GC heap after
{Heap after GC invocations=15 (full 0):
 garbage-first heap   total 58368K, used 24221K [0x00000000e0000000, 0x0000000100000000)
  region size 1024K, 3 young (3072K), 3 survivors (3072K)
 Metaspace       used 55279K, committed 55808K, reserved 1114112K
  class space    used 7750K, committed 8000K, reserved 1048576K
}
Event: 49.028 GC heap before
{Heap before GC invocations=15 (full 0):
 garbage-first heap   total 58368K, used 45725K [0x00000000e0000000, 0x0000000100000000)
  region size 1024K, 25 young (25600K), 3 survivors (3072K)
 Metaspace       used 59674K, committed 60160K, reserved 1114112K
  class space    used 8325K, committed 8576K, reserved 1048576K
}
Event: 49.047 GC heap after
{Heap after GC invocations=16 (full 0):
 garbage-first heap   total 58368K, used 26129K [0x00000000e0000000, 0x0000000100000000)
  region size 1024K, 4 young (4096K), 4 survivors (4096K)
 Metaspace       used 59674K, committed 60160K, reserved 1114112K
  class space    used 8325K, committed 8576K, reserved 1048576K
}
Event: 49.175 GC heap before
{Heap before GC invocations=16 (full 0):
 garbage-first heap   total 58368K, used 27153K [0x00000000e0000000, 0x0000000100000000)
  region size 1024K, 6 young (6144K), 4 survivors (4096K)
 Metaspace       used 59835K, committed 60288K, reserved 1114112K
  class space    used 8349K, committed 8576K, reserved 1048576K
}
Event: 49.187 GC heap after
{Heap after GC invocations=17 (full 0):
 garbage-first heap   total 58368K, used 26645K [0x00000000e0000000, 0x0000000100000000)
  region size 1024K, 1 young (1024K), 1 survivors (1024K)
 Metaspace       used 59835K, committed 60288K, reserved 1114112K
  class space    used 8349K, committed 8576K, reserved 1048576K
}
Event: 51.521 GC heap before
{Heap before GC invocations=18 (full 0):
 garbage-first heap   total 58368K, used 46101K [0x00000000e0000000, 0x0000000100000000)
  region size 1024K, 21 young (21504K), 1 survivors (1024K)
 Metaspace       used 62627K, committed 63168K, reserved 1114112K
  class space    used 8907K, committed 9152K, reserved 1048576K
}
Event: 51.531 GC heap after
{Heap after GC invocations=19 (full 0):
 garbage-first heap   total 58368K, used 28049K [0x00000000e0000000, 0x0000000100000000)
  region size 1024K, 2 young (2048K), 2 survivors (2048K)
 Metaspace       used 62627K, committed 63168K, reserved 1114112K
  class space    used 8907K, committed 9152K, reserved 1048576K
}
Event: 52.669 GC heap before
{Heap before GC invocations=19 (full 0):
 garbage-first heap   total 58368K, used 46481K [0x00000000e0000000, 0x0000000100000000)
  region size 1024K, 20 young (20480K), 2 survivors (2048K)
 Metaspace       used 62691K, committed 63232K, reserved 1114112K
  class space    used 8912K, committed 9152K, reserved 1048576K
}
Event: 52.679 GC heap after
{Heap after GC invocations=20 (full 0):
 garbage-first heap   total 58368K, used 28233K [0x00000000e0000000, 0x0000000100000000)
  region size 1024K, 1 young (1024K), 1 survivors (1024K)
 Metaspace       used 62691K, committed 63232K, reserved 1114112K
  class space    used 8912K, committed 9152K, reserved 1048576K
}
Event: 53.722 GC heap before
{Heap before GC invocations=21 (full 0):
 garbage-first heap   total 58368K, used 45641K [0x00000000e0000000, 0x0000000100000000)
  region size 1024K, 19 young (19456K), 1 survivors (1024K)
 Metaspace       used 63194K, committed 63744K, reserved 1114112K
  class space    used 8966K, committed 9216K, reserved 1048576K
}
Event: 53.727 GC heap after
{Heap after GC invocations=22 (full 0):
 garbage-first heap   total 58368K, used 28664K [0x00000000e0000000, 0x0000000100000000)
  region size 1024K, 1 young (1024K), 1 survivors (1024K)
 Metaspace       used 63194K, committed 63744K, reserved 1114112K
  class space    used 8966K, committed 9216K, reserved 1048576K
}
Event: 55.571 GC heap before
{Heap before GC invocations=22 (full 0):
 garbage-first heap   total 58368K, used 48120K [0x00000000e0000000, 0x0000000100000000)
  region size 1024K, 20 young (20480K), 1 survivors (1024K)
 Metaspace       used 64657K, committed 65216K, reserved 1114112K
  class space    used 9281K, committed 9536K, reserved 1048576K
}
Event: 55.580 GC heap after
{Heap after GC invocations=23 (full 0):
 garbage-first heap   total 58368K, used 30335K [0x00000000e0000000, 0x0000000100000000)
  region size 1024K, 3 young (3072K), 3 survivors (3072K)
 Metaspace       used 64657K, committed 65216K, reserved 1114112K
  class space    used 9281K, committed 9536K, reserved 1048576K
}
Event: 56.830 GC heap before
{Heap before GC invocations=24 (full 0):
 garbage-first heap   total 58368K, used 45695K [0x00000000e0000000, 0x0000000100000000)
  region size 1024K, 19 young (19456K), 3 survivors (3072K)
 Metaspace       used 66228K, committed 66752K, reserved 1114112K
  class space    used 9595K, committed 9856K, reserved 1048576K
}
Event: 56.838 GC heap after
{Heap after GC invocations=25 (full 0):
 garbage-first heap   total 58368K, used 30508K [0x00000000e0000000, 0x0000000100000000)
  region size 1024K, 1 young (1024K), 1 survivors (1024K)
 Metaspace       used 66228K, committed 66752K, reserved 1114112K
  class space    used 9595K, committed 9856K, reserved 1048576K
}
Event: 57.059 GC heap before
{Heap before GC invocations=25 (full 0):
 garbage-first heap   total 58368K, used 47916K [0x00000000e0000000, 0x0000000100000000)
  region size 1024K, 18 young (18432K), 1 survivors (1024K)
 Metaspace       used 66296K, committed 66816K, reserved 1114112K
  class space    used 9597K, committed 9856K, reserved 1048576K
}
Event: 57.071 GC heap after
{Heap after GC invocations=26 (full 0):
 garbage-first heap   total 58368K, used 33219K [0x00000000e0000000, 0x0000000100000000)
  region size 1024K, 3 young (3072K), 3 survivors (3072K)
 Metaspace       used 66296K, committed 66816K, reserved 1114112K
  class space    used 9597K, committed 9856K, reserved 1048576K
}
Event: 58.196 GC heap before
{Heap before GC invocations=27 (full 0):
 garbage-first heap   total 66560K, used 46531K [0x00000000e0000000, 0x0000000100000000)
  region size 1024K, 16 young (16384K), 3 survivors (3072K)
 Metaspace       used 66296K, committed 66816K, reserved 1114112K
  class space    used 9597K, committed 9856K, reserved 1048576K
}
Event: 58.212 GC heap after
{Heap after GC invocations=28 (full 0):
 garbage-first heap   total 66560K, used 35825K [0x00000000e0000000, 0x0000000100000000)
  region size 1024K, 2 young (2048K), 2 survivors (2048K)
 Metaspace       used 66296K, committed 66816K, reserved 1114112K
  class space    used 9597K, committed 9856K, reserved 1048576K
}

