# JRE version: OpenJDK Runtime Environment Temurin-17.0.18+8 (17.0.18+8) (build 17.0.18+8)
# Java VM: OpenJDK 64-Bit Server VM Temurin-17.0.18+8 (17.0.18+8, mixed mode, sharing, tiered, compressed oops, compressed class ptrs, g1 gc, windows-amd64)
GC Precious Log:
 CPUs: 8 total, 8 available
 Memory: 6082M
 Large Page Support: Disabled
 NUMA Support: Disabled
 Compressed Oops: Enabled (32-bit)
 Heap Region Size: 1M
 Heap Min Capacity: 256M
 Heap Initial Capacity: 256M
 Heap Max Capacity: 512M
 Pre-touch: Disabled
 Parallel Workers: 8
 Concurrent Workers: 2
 Concurrent Refinement Workers: 8
 Periodic GC: Disabled
Heap:
 garbage-first heap   total 262144K, used 37026K [0x00000000e0000000, 0x0000000100000000)
  region size 1024K, 16 young (16384K), 11 survivors (11264K)
 Metaspace       used 72356K, committed 72960K, reserved 1114112K
  class space    used 10326K, committed 10624K, reserved 1048576K
GC Heap History (12 events):
Event: 2.059 GC heap before
{Heap before GC invocations=0 (full 0):
 garbage-first heap   total 262144K, used 24576K [0x00000000e0000000, 0x0000000100000000)
  region size 1024K, 23 young (23552K), 0 survivors (0K)
 Metaspace       used 5015K, committed 5184K, reserved 1114112K
  class space    used 602K, committed 704K, reserved 1048576K
}
Event: 2.069 GC heap after
{Heap after GC invocations=1 (full 0):
 garbage-first heap   total 262144K, used 8550K [0x00000000e0000000, 0x0000000100000000)
  region size 1024K, 3 young (3072K), 3 survivors (3072K)
 Metaspace       used 5015K, committed 5184K, reserved 1114112K
  class space    used 602K, committed 704K, reserved 1048576K
}
Event: 4.647 GC heap before
{Heap before GC invocations=1 (full 0):
 garbage-first heap   total 262144K, used 33126K [0x00000000e0000000, 0x0000000100000000)
  region size 1024K, 27 young (27648K), 3 survivors (3072K)
 Metaspace       used 9185K, committed 9408K, reserved 1114112K
  class space    used 1106K, committed 1216K, reserved 1048576K
}
Event: 4.653 GC heap after
{Heap after GC invocations=2 (full 0):
 garbage-first heap   total 262144K, used 10445K [0x00000000e0000000, 0x0000000100000000)
  region size 1024K, 2 young (2048K), 2 survivors (2048K)
 Metaspace       used 9185K, committed 9408K, reserved 1114112K
  class space    used 1106K, committed 1216K, reserved 1048576K
}
Event: 7.680 GC heap before
{Heap before GC invocations=2 (full 0):
 garbage-first heap   total 262144K, used 68813K [0x00000000e0000000, 0x0000000100000000)
  region size 1024K, 60 young (61440K), 2 survivors (2048K)
 Metaspace       used 21134K, committed 21504K, reserved 1114112K
  class space    used 2881K, committed 3072K, reserved 1048576K
}
Event: 7.689 GC heap after
{Heap after GC invocations=3 (full 0):
 garbage-first heap   total 262144K, used 14485K [0x00000000e0000000, 0x0000000100000000)
  region size 1024K, 6 young (6144K), 6 survivors (6144K)
 Metaspace       used 21134K, committed 21504K, reserved 1114112K
  class space    used 2881K, committed 3072K, reserved 1048576K
}
Event: 14.977 GC heap before
{Heap before GC invocations=4 (full 0):
 garbage-first heap   total 262144K, used 119957K [0x00000000e0000000, 0x0000000100000000)
  region size 1024K, 111 young (113664K), 6 survivors (6144K)
 Metaspace       used 35622K, committed 36096K, reserved 1114112K
  class space    used 4789K, committed 5056K, reserved 1048576K
}
Event: 14.997 GC heap after
{Heap after GC invocations=5 (full 0):
 garbage-first heap   total 262144K, used 22857K [0x00000000e0000000, 0x0000000100000000)
  region size 1024K, 14 young (14336K), 14 survivors (14336K)
 Metaspace       used 35622K, committed 36096K, reserved 1114112K
  class space    used 4789K, committed 5056K, reserved 1048576K
}
Event: 21.262 GC heap before
{Heap before GC invocations=6 (full 0):
 garbage-first heap   total 262144K, used 129353K [0x00000000e0000000, 0x0000000100000000)
  region size 1024K, 120 young (122880K), 14 survivors (14336K)
 Metaspace       used 59826K, committed 60288K, reserved 1114112K
  class space    used 8301K, committed 8512K, reserved 1048576K
}
Event: 21.283 GC heap after
{Heap after GC invocations=7 (full 0):
 garbage-first heap   total 262144K, used 27730K [0x00000000e0000000, 0x0000000100000000)
  region size 1024K, 14 young (14336K), 14 survivors (14336K)
 Metaspace       used 59826K, committed 60288K, reserved 1114112K
  class space    used 8301K, committed 8512K, reserved 1048576K
}
Event: 27.489 GC heap before
{Heap before GC invocations=8 (full 0):
 garbage-first heap   total 262144K, used 169042K [0x00000000e0000000, 0x0000000100000000)
  region size 1024K, 153 young (156672K), 14 survivors (14336K)
 Metaspace       used 71818K, committed 72384K, reserved 1114112K
  class space    used 10240K, committed 10560K, reserved 1048576K
}
Event: 27.516 GC heap after
{Heap after GC invocations=9 (full 0):
 garbage-first heap   total 262144K, used 32930K [0x00000000e0000000, 0x0000000100000000)
  region size 1024K, 11 young (11264K), 11 survivors (11264K)
 Metaspace       used 71818K, committed 72384K, reserved 1114112K
  class space    used 10240K, committed 10560K, reserved 1048576K
}

