# JRE version: OpenJDK Runtime Environment Temurin-17.0.18+8 (17.0.18+8) (build 17.0.18+8)
# Java VM: OpenJDK 64-Bit Server VM Temurin-17.0.18+8 (17.0.18+8, mixed mode, sharing, tiered, compressed oops, compressed class ptrs, g1 gc, windows-amd64)
GC Precious Log:
 CPUs: 8 total, 8 available
 Memory: 6082M
 Large Page Support: Disabled
 NUMA Support: Disabled
 Compressed Oops: Enabled (32-bit)
 Heap Region Size: 1M
 Heap Min Capacity: 8M
 Heap Initial Capacity: 96M
 Heap Max Capacity: 1522M
 Pre-touch: Disabled
 Parallel Workers: 8
 Concurrent Workers: 2
 Concurrent Refinement Workers: 8
 Periodic GC: Disabled
Heap:
 garbage-first heap   total 195584K, used 133538K [0x00000000a0e00000, 0x0000000100000000)
  region size 1024K, 72 young (73728K), 6 survivors (6144K)
 Metaspace       used 96066K, committed 96832K, reserved 1179648K
  class space    used 12841K, committed 13184K, reserved 1048576K
GC Heap History (20 events):
Event: 30.769 GC heap before
{Heap before GC invocations=20 (full 0):
 garbage-first heap   total 126976K, used 97702K [0x00000000a0e00000, 0x0000000100000000)
  region size 1024K, 31 young (31744K), 1 survivors (1024K)
 Metaspace       used 31764K, committed 32896K, reserved 1114112K
  class space    used 3542K, committed 3904K, reserved 1048576K
}
Event: 30.777 GC heap after
{Heap after GC invocations=21 (full 0):
 garbage-first heap   total 126976K, used 67577K [0x00000000a0e00000, 0x0000000100000000)
  region size 1024K, 1 young (1024K), 1 survivors (1024K)
 Metaspace       used 31764K, committed 32896K, reserved 1114112K
  class space    used 3542K, committed 3904K, reserved 1048576K
}
Event: 30.827 GC heap before
{Heap before GC invocations=21 (full 0):
 garbage-first heap   total 126976K, used 72697K [0x00000000a0e00000, 0x0000000100000000)
  region size 1024K, 6 young (6144K), 1 survivors (1024K)
 Metaspace       used 31771K, committed 32896K, reserved 1114112K
  class space    used 3542K, committed 3904K, reserved 1048576K
}
Event: 30.837 GC heap after
{Heap after GC invocations=22 (full 0):
 garbage-first heap   total 195584K, used 55595K [0x00000000a0e00000, 0x0000000100000000)
  region size 1024K, 1 young (1024K), 1 survivors (1024K)
 Metaspace       used 31771K, committed 32896K, reserved 1114112K
  class space    used 3542K, committed 3904K, reserved 1048576K
}
Event: 30.905 GC heap before
{Heap before GC invocations=22 (full 0):
 garbage-first heap   total 195584K, used 63787K [0x00000000a0e00000, 0x0000000100000000)
  region size 1024K, 9 young (9216K), 1 survivors (1024K)
 Metaspace       used 31777K, committed 32896K, reserved 1114112K
  class space    used 3542K, committed 3904K, reserved 1048576K
}
Event: 30.910 GC heap after
{Heap after GC invocations=23 (full 0):
 garbage-first heap   total 195584K, used 54598K [0x00000000a0e00000, 0x0000000100000000)
  region size 1024K, 1 young (1024K), 1 survivors (1024K)
 Metaspace       used 31777K, committed 32896K, reserved 1114112K
  class space    used 3542K, committed 3904K, reserved 1048576K
}
Event: 33.063 GC heap before
{Heap before GC invocations=23 (full 0):
 garbage-first heap   total 195584K, used 144710K [0x00000000a0e00000, 0x0000000100000000)
  region size 1024K, 89 young (91136K), 1 survivors (1024K)
 Metaspace       used 32131K, committed 32896K, reserved 1114112K
  class space    used 3558K, committed 3904K, reserved 1048576K
}
Event: 33.076 GC heap after
{Heap after GC invocations=24 (full 0):
 garbage-first heap   total 195584K, used 57686K [0x00000000a0e00000, 0x0000000100000000)
  region size 1024K, 4 young (4096K), 4 survivors (4096K)
 Metaspace       used 32131K, committed 32896K, reserved 1114112K
  class space    used 3558K, committed 3904K, reserved 1048576K
}
Event: 38.691 GC heap before
{Heap before GC invocations=24 (full 0):
 garbage-first heap   total 195584K, used 155990K [0x00000000a0e00000, 0x0000000100000000)
  region size 1024K, 98 young (100352K), 4 survivors (4096K)
 Metaspace       used 42618K, committed 43136K, reserved 1114112K
  class space    used 4889K, committed 5120K, reserved 1048576K
}
Event: 38.710 GC heap after
{Heap after GC invocations=25 (full 0):
 garbage-first heap   total 195584K, used 68740K [0x00000000a0e00000, 0x0000000100000000)
  region size 1024K, 13 young (13312K), 13 survivors (13312K)
 Metaspace       used 42618K, committed 43136K, reserved 1114112K
  class space    used 4889K, committed 5120K, reserved 1048576K
}
Event: 42.406 GC heap before
{Heap before GC invocations=25 (full 0):
 garbage-first heap   total 195584K, used 134276K [0x00000000a0e00000, 0x0000000100000000)
  region size 1024K, 78 young (79872K), 13 survivors (13312K)
 Metaspace       used 54315K, committed 54848K, reserved 1114112K
  class space    used 6590K, committed 6848K, reserved 1048576K
}
Event: 42.432 GC heap after
{Heap after GC invocations=26 (full 0):
 garbage-first heap   total 195584K, used 72569K [0x00000000a0e00000, 0x0000000100000000)
  region size 1024K, 4 young (4096K), 4 survivors (4096K)
 Metaspace       used 54315K, committed 54848K, reserved 1114112K
  class space    used 6590K, committed 6848K, reserved 1048576K
}
Event: 46.935 GC heap before
{Heap before GC invocations=27 (full 0):
 garbage-first heap   total 195584K, used 154489K [0x00000000a0e00000, 0x0000000100000000)
  region size 1024K, 85 young (87040K), 4 survivors (4096K)
 Metaspace       used 63313K, committed 64000K, reserved 1114112K
  class space    used 7875K, committed 8192K, reserved 1048576K
}
Event: 46.955 GC heap after
{Heap after GC invocations=28 (full 0):
 garbage-first heap   total 195584K, used 77689K [0x00000000a0e00000, 0x0000000100000000)
  region size 1024K, 10 young (10240K), 10 survivors (10240K)
 Metaspace       used 63313K, committed 64000K, reserved 1114112K
  class space    used 7875K, committed 8192K, reserved 1048576K
}
Event: 47.035 GC heap before
{Heap before GC invocations=28 (full 0):
 garbage-first heap   total 195584K, used 78713K [0x00000000a0e00000, 0x0000000100000000)
  region size 1024K, 11 young (11264K), 10 survivors (10240K)
 Metaspace       used 63425K, committed 64128K, reserved 1114112K
  class space    used 7895K, committed 8192K, reserved 1048576K
}
Event: 47.057 GC heap after
{Heap after GC invocations=29 (full 0):
 garbage-first heap   total 195584K, used 66378K [0x00000000a0e00000, 0x0000000100000000)
  region size 1024K, 2 young (2048K), 2 survivors (2048K)
 Metaspace       used 63425K, committed 64128K, reserved 1114112K
  class space    used 7895K, committed 8192K, reserved 1048576K
}
Event: 52.055 GC heap before
{Heap before GC invocations=29 (full 0):
 garbage-first heap   total 195584K, used 153418K [0x00000000a0e00000, 0x0000000100000000)
  region size 1024K, 87 young (89088K), 2 survivors (2048K)
 Metaspace       used 80806K, committed 81472K, reserved 1179648K
  class space    used 10247K, committed 10560K, reserved 1048576K
}
Event: 52.064 GC heap after
{Heap after GC invocations=30 (full 0):
 garbage-first heap   total 195584K, used 68542K [0x00000000a0e00000, 0x0000000100000000)
  region size 1024K, 4 young (4096K), 4 survivors (4096K)
 Metaspace       used 80806K, committed 81472K, reserved 1179648K
  class space    used 10247K, committed 10560K, reserved 1048576K
}
Event: 54.451 GC heap before
{Heap before GC invocations=30 (full 0):
 garbage-first heap   total 195584K, used 123838K [0x00000000a0e00000, 0x0000000100000000)
  region size 1024K, 60 young (61440K), 4 survivors (4096K)
 Metaspace       used 91130K, committed 91840K, reserved 1179648K
  class space    used 11837K, committed 12160K, reserved 1048576K
}
Event: 54.466 GC heap after
{Heap after GC invocations=31 (full 0):
 garbage-first heap   total 195584K, used 71074K [0x00000000a0e00000, 0x0000000100000000)
  region size 1024K, 6 young (6144K), 6 survivors (6144K)
 Metaspace       used 91130K, committed 91840K, reserved 1179648K
  class space    used 11837K, committed 12160K, reserved 1048576K
}

