# JRE version: OpenJDK Runtime Environment Temurin-17.0.18+8 (17.0.18+8) (build 17.0.18+8)
# Java VM: OpenJDK 64-Bit Server VM Temurin-17.0.18+8 (17.0.18+8, mixed mode, sharing, tiered, compressed oops, compressed class ptrs, g1 gc, windows-amd64)
GC Precious Log:
 CPUs: 8 total, 8 available
 Memory: 6082M
 Large Page Support: Disabled
 NUMA Support: Disabled
 Compressed Oops: Enabled (32-bit)
 Heap Region Size: 1M
 Heap Min Capacity: 8M
 Heap Initial Capacity: 96M
 Heap Max Capacity: 512M
 Pre-touch: Disabled
 Parallel Workers: 8
 Concurrent Workers: 2
 Concurrent Refinement Workers: 8
 Periodic GC: Disabled
Heap:
 garbage-first heap   total 61440K, used 46574K [0x00000000e0000000, 0x0000000100000000)
  region size 1024K, 15 young (15360K), 1 survivors (1024K)
 Metaspace       used 67650K, committed 68160K, reserved 1114112K
  class space    used 9553K, committed 9792K, reserved 1048576K
GC Heap History (20 events):
Event: 44.691 GC heap before
{Heap before GC invocations=12 (full 0):
 garbage-first heap   total 55296K, used 42246K [0x00000000e0000000, 0x0000000100000000)
  region size 1024K, 20 young (20480K), 2 survivors (2048K)
 Metaspace       used 39659K, committed 40128K, reserved 1114112K
  class space    used 5520K, committed 5760K, reserved 1048576K
}
Event: 44.703 GC heap after
{Heap after GC invocations=13 (full 0):
 garbage-first heap   total 55296K, used 24705K [0x00000000e0000000, 0x0000000100000000)
  region size 1024K, 3 young (3072K), 3 survivors (3072K)
 Metaspace       used 39659K, committed 40128K, reserved 1114112K
  class space    used 5520K, committed 5760K, reserved 1048576K
}
Event: 46.838 GC heap before
{Heap before GC invocations=13 (full 0):
 garbage-first heap   total 55296K, used 42113K [0x00000000e0000000, 0x0000000100000000)
  region size 1024K, 21 young (21504K), 3 survivors (3072K)
 Metaspace       used 44720K, committed 45120K, reserved 1114112K
  class space    used 6138K, committed 6336K, reserved 1048576K
}
Event: 46.851 GC heap after
{Heap after GC invocations=14 (full 0):
 garbage-first heap   total 55296K, used 25834K [0x00000000e0000000, 0x0000000100000000)
  region size 1024K, 3 young (3072K), 3 survivors (3072K)
 Metaspace       used 44720K, committed 45120K, reserved 1114112K
  class space    used 6138K, committed 6336K, reserved 1048576K
}
Event: 49.487 GC heap before
{Heap before GC invocations=14 (full 0):
 garbage-first heap   total 55296K, used 42218K [0x00000000e0000000, 0x0000000100000000)
  region size 1024K, 20 young (20480K), 3 survivors (3072K)
 Metaspace       used 48902K, committed 49344K, reserved 1114112K
  class space    used 6706K, committed 6912K, reserved 1048576K
}
Event: 49.500 GC heap after
{Heap after GC invocations=15 (full 0):
 garbage-first heap   total 55296K, used 26967K [0x00000000e0000000, 0x0000000100000000)
  region size 1024K, 3 young (3072K), 3 survivors (3072K)
 Metaspace       used 48902K, committed 49344K, reserved 1114112K
  class space    used 6706K, committed 6912K, reserved 1048576K
}
Event: 52.074 GC heap before
{Heap before GC invocations=15 (full 0):
 garbage-first heap   total 55296K, used 43351K [0x00000000e0000000, 0x0000000100000000)
  region size 1024K, 20 young (20480K), 3 survivors (3072K)
 Metaspace       used 52171K, committed 52672K, reserved 1114112K
  class space    used 7131K, committed 7360K, reserved 1048576K
}
Event: 52.086 GC heap after
{Heap after GC invocations=16 (full 0):
 garbage-first heap   total 55296K, used 27564K [0x00000000e0000000, 0x0000000100000000)
  region size 1024K, 2 young (2048K), 2 survivors (2048K)
 Metaspace       used 52171K, committed 52672K, reserved 1114112K
  class space    used 7131K, committed 7360K, reserved 1048576K
}
Event: 55.021 GC heap before
{Heap before GC invocations=16 (full 0):
 garbage-first heap   total 55296K, used 42924K [0x00000000e0000000, 0x0000000100000000)
  region size 1024K, 18 young (18432K), 2 survivors (2048K)
 Metaspace       used 57059K, committed 57536K, reserved 1114112K
  class space    used 7961K, committed 8192K, reserved 1048576K
}
Event: 55.031 GC heap after
{Heap after GC invocations=17 (full 0):
 garbage-first heap   total 55296K, used 28041K [0x00000000e0000000, 0x0000000100000000)
  region size 1024K, 2 young (2048K), 2 survivors (2048K)
 Metaspace       used 57059K, committed 57536K, reserved 1114112K
  class space    used 7961K, committed 8192K, reserved 1048576K
}
Event: 57.105 GC heap before
{Heap before GC invocations=18 (full 0):
 garbage-first heap   total 55296K, used 44425K [0x00000000e0000000, 0x0000000100000000)
  region size 1024K, 18 young (18432K), 2 survivors (2048K)
 Metaspace       used 59360K, committed 59840K, reserved 1114112K
  class space    used 8326K, committed 8576K, reserved 1048576K
}
Event: 57.113 GC heap after
{Heap after GC invocations=19 (full 0):
 garbage-first heap   total 55296K, used 28614K [0x00000000e0000000, 0x0000000100000000)
  region size 1024K, 2 young (2048K), 2 survivors (2048K)
 Metaspace       used 59360K, committed 59840K, reserved 1114112K
  class space    used 8326K, committed 8576K, reserved 1048576K
}
Event: 59.037 GC heap before
{Heap before GC invocations=19 (full 0):
 garbage-first heap   total 55296K, used 43974K [0x00000000e0000000, 0x0000000100000000)
  region size 1024K, 18 young (18432K), 2 survivors (2048K)
 Metaspace       used 61885K, committed 62464K, reserved 1114112K
  class space    used 8652K, committed 8896K, reserved 1048576K
}
Event: 59.059 GC heap after
{Heap after GC invocations=20 (full 0):
 garbage-first heap   total 55296K, used 29972K [0x00000000e0000000, 0x0000000100000000)
  region size 1024K, 3 young (3072K), 3 survivors (3072K)
 Metaspace       used 61885K, committed 62464K, reserved 1114112K
  class space    used 8652K, committed 8896K, reserved 1048576K
}
Event: 63.134 GC heap before
{Heap before GC invocations=21 (full 0):
 garbage-first heap   total 55296K, used 45332K [0x00000000e0000000, 0x0000000100000000)
  region size 1024K, 18 young (18432K), 3 survivors (3072K)
 Metaspace       used 64525K, committed 65024K, reserved 1114112K
  class space    used 9022K, committed 9216K, reserved 1048576K
}
Event: 63.159 GC heap after
{Heap after GC invocations=22 (full 0):
 garbage-first heap   total 55296K, used 31152K [0x00000000e0000000, 0x0000000100000000)
  region size 1024K, 3 young (3072K), 3 survivors (3072K)
 Metaspace       used 64525K, committed 65024K, reserved 1114112K
  class space    used 9022K, committed 9216K, reserved 1048576K
}
Event: 65.143 GC heap before
{Heap before GC invocations=22 (full 0):
 garbage-first heap   total 55296K, used 44464K [0x00000000e0000000, 0x0000000100000000)
  region size 1024K, 17 young (17408K), 3 survivors (3072K)
 Metaspace       used 66953K, committed 67456K, reserved 1114112K
  class space    used 9489K, committed 9728K, reserved 1048576K
}
Event: 65.167 GC heap after
{Heap after GC invocations=23 (full 0):
 garbage-first heap   total 55296K, used 32235K [0x00000000e0000000, 0x0000000100000000)
  region size 1024K, 3 young (3072K), 3 survivors (3072K)
 Metaspace       used 66953K, committed 67456K, reserved 1114112K
  class space    used 9489K, committed 9728K, reserved 1048576K
}
Event: 65.436 GC heap before
{Heap before GC invocations=24 (full 0):
 garbage-first heap   total 61440K, used 44523K [0x00000000e0000000, 0x0000000100000000)
  region size 1024K, 15 young (15360K), 3 survivors (3072K)
 Metaspace       used 66974K, committed 67520K, reserved 1114112K
  class space    used 9495K, committed 9728K, reserved 1048576K
}
Event: 65.452 GC heap after
{Heap after GC invocations=25 (full 0):
 garbage-first heap   total 61440K, used 33262K [0x00000000e0000000, 0x0000000100000000)
  region size 1024K, 1 young (1024K), 1 survivors (1024K)
 Metaspace       used 66974K, committed 67520K, reserved 1114112K
  class space    used 9495K, committed 9728K, reserved 1048576K
}

