# JRE version: OpenJDK Runtime Environment Temurin-17.0.18+8 (17.0.18+8) (build 17.0.18+8)
# Java VM: OpenJDK 64-Bit Server VM Temurin-17.0.18+8 (17.0.18+8, mixed mode, sharing, tiered, compressed oops, compressed class ptrs, g1 gc, windows-amd64)
GC Precious Log:
 CPUs: 8 total, 8 available
 Memory: 6082M
 Large Page Support: Disabled
 NUMA Support: Disabled
 Compressed Oops: Enabled (32-bit)
 Heap Region Size: 1M
 Heap Min Capacity: 8M
 Heap Initial Capacity: 96M
 Heap Max Capacity: 512M
 Pre-touch: Disabled
 Parallel Workers: 8
 Concurrent Workers: 2
 Concurrent Refinement Workers: 8
 Periodic GC: Disabled
Heap:
 garbage-first heap   total 98304K, used 39208K [0x00000000e0000000, 0x0000000100000000)
  region size 1024K, 2 young (2048K), 2 survivors (2048K)
 Metaspace       used 72516K, committed 73088K, reserved 1114112K
  class space    used 10475K, committed 10752K, reserved 1048576K
GC Heap History (20 events):
Event: 70.768 GC heap after
{Heap after GC invocations=22 (full 0):
 garbage-first heap   total 55296K, used 30615K [0x00000000e0000000, 0x0000000100000000)
  region size 1024K, 3 young (3072K), 3 survivors (3072K)
 Metaspace       used 63685K, committed 64256K, reserved 1114112K
  class space    used 8973K, committed 9280K, reserved 1048576K
}
Event: 72.590 GC heap before
{Heap before GC invocations=23 (full 0):
 garbage-first heap   total 56320K, used 43927K [0x00000000e0000000, 0x0000000100000000)
  region size 1024K, 17 young (17408K), 3 survivors (3072K)
 Metaspace       used 66022K, committed 66560K, reserved 1114112K
  class space    used 9281K, committed 9536K, reserved 1048576K
}
Event: 72.610 GC heap after
{Heap after GC invocations=24 (full 0):
 garbage-first heap   total 56320K, used 31565K [0x00000000e0000000, 0x0000000100000000)
  region size 1024K, 3 young (3072K), 3 survivors (3072K)
 Metaspace       used 66022K, committed 66560K, reserved 1114112K
  class space    used 9281K, committed 9536K, reserved 1048576K
}
Event: 75.712 GC heap before
{Heap before GC invocations=24 (full 0):
 garbage-first heap   total 56320K, used 44877K [0x00000000e0000000, 0x0000000100000000)
  region size 1024K, 17 young (17408K), 3 survivors (3072K)
 Metaspace       used 68039K, committed 68672K, reserved 1114112K
  class space    used 9709K, committed 9984K, reserved 1048576K
}
Event: 75.731 GC heap after
{Heap after GC invocations=25 (full 0):
 garbage-first heap   total 56320K, used 32247K [0x00000000e0000000, 0x0000000100000000)
  region size 1024K, 2 young (2048K), 2 survivors (2048K)
 Metaspace       used 68039K, committed 68672K, reserved 1114112K
  class space    used 9709K, committed 9984K, reserved 1048576K
}
Event: 76.279 GC heap before
{Heap before GC invocations=26 (full 0):
 garbage-first heap   total 56320K, used 46583K [0x00000000e0000000, 0x0000000100000000)
  region size 1024K, 16 young (16384K), 2 survivors (2048K)
 Metaspace       used 68726K, committed 69376K, reserved 1114112K
  class space    used 9813K, committed 10112K, reserved 1048576K
}
Event: 76.294 GC heap after
{Heap after GC invocations=27 (full 0):
 garbage-first heap   total 56320K, used 33660K [0x00000000e0000000, 0x0000000100000000)
  region size 1024K, 2 young (2048K), 2 survivors (2048K)
 Metaspace       used 68726K, committed 69376K, reserved 1114112K
  class space    used 9813K, committed 10112K, reserved 1048576K
}
Event: 76.602 GC heap before
{Heap before GC invocations=27 (full 0):
 garbage-first heap   total 56320K, used 46972K [0x00000000e0000000, 0x0000000100000000)
  region size 1024K, 15 young (15360K), 2 survivors (2048K)
 Metaspace       used 68753K, committed 69376K, reserved 1114112K
  class space    used 9814K, committed 10112K, reserved 1048576K
}
Event: 76.616 GC heap after
{Heap after GC invocations=28 (full 0):
 garbage-first heap   total 56320K, used 34509K [0x00000000e0000000, 0x0000000100000000)
  region size 1024K, 1 young (1024K), 1 survivors (1024K)
 Metaspace       used 68753K, committed 69376K, reserved 1114112K
  class space    used 9814K, committed 10112K, reserved 1048576K
}
Event: 77.627 GC heap before
{Heap before GC invocations=29 (full 0):
 garbage-first heap   total 63488K, used 45773K [0x00000000e0000000, 0x0000000100000000)
  region size 1024K, 13 young (13312K), 1 survivors (1024K)
 Metaspace       used 70487K, committed 71104K, reserved 1114112K
  class space    used 10181K, committed 10496K, reserved 1048576K
}
Event: 77.634 GC heap after
{Heap after GC invocations=30 (full 0):
 garbage-first heap   total 63488K, used 35137K [0x00000000e0000000, 0x0000000100000000)
  region size 1024K, 2 young (2048K), 2 survivors (2048K)
 Metaspace       used 70487K, committed 71104K, reserved 1114112K
  class space    used 10181K, committed 10496K, reserved 1048576K
}
Event: 77.644 GC heap before
{Heap before GC invocations=30 (full 0):
 garbage-first heap   total 63488K, used 36161K [0x00000000e0000000, 0x0000000100000000)
  region size 1024K, 3 young (3072K), 2 survivors (2048K)
 Metaspace       used 70489K, committed 71104K, reserved 1114112K
  class space    used 10181K, committed 10496K, reserved 1048576K
}
Event: 77.653 GC heap after
{Heap after GC invocations=31 (full 0):
 garbage-first heap   total 63488K, used 34528K [0x00000000e0000000, 0x0000000100000000)
  region size 1024K, 1 young (1024K), 1 survivors (1024K)
 Metaspace       used 70489K, committed 71104K, reserved 1114112K
  class space    used 10181K, committed 10496K, reserved 1048576K
}
Event: 78.253 GC heap before
{Heap before GC invocations=31 (full 0):
 garbage-first heap   total 63488K, used 49888K [0x00000000e0000000, 0x0000000100000000)
  region size 1024K, 17 young (17408K), 1 survivors (1024K)
 Metaspace       used 71945K, committed 72576K, reserved 1114112K
  class space    used 10399K, committed 10688K, reserved 1048576K
}
Event: 78.265 GC heap after
{Heap after GC invocations=32 (full 0):
 garbage-first heap   total 63488K, used 37353K [0x00000000e0000000, 0x0000000100000000)
  region size 1024K, 3 young (3072K), 3 survivors (3072K)
 Metaspace       used 71945K, committed 72576K, reserved 1114112K
  class space    used 10399K, committed 10688K, reserved 1048576K
}
Event: 78.451 GC heap before
{Heap before GC invocations=33 (full 0):
 garbage-first heap   total 75776K, used 50665K [0x00000000e0000000, 0x0000000100000000)
  region size 1024K, 16 young (16384K), 3 survivors (3072K)
 Metaspace       used 71947K, committed 72576K, reserved 1114112K
  class space    used 10399K, committed 10688K, reserved 1048576K
}
Event: 78.469 GC heap after
{Heap after GC invocations=34 (full 0):
 garbage-first heap   total 75776K, used 38628K [0x00000000e0000000, 0x0000000100000000)
  region size 1024K, 2 young (2048K), 2 survivors (2048K)
 Metaspace       used 71947K, committed 72576K, reserved 1114112K
  class space    used 10399K, committed 10688K, reserved 1048576K
}
Event: 78.494 GC heap before
{Heap before GC invocations=34 (full 0):
 garbage-first heap   total 75776K, used 39652K [0x00000000e0000000, 0x0000000100000000)
  region size 1024K, 3 young (3072K), 2 survivors (2048K)
 Metaspace       used 71947K, committed 72576K, reserved 1114112K
  class space    used 10399K, committed 10688K, reserved 1048576K
}
Event: 78.508 GC heap after
{Heap after GC invocations=35 (full 0):
 garbage-first heap   total 75776K, used 38328K [0x00000000e0000000, 0x0000000100000000)
  region size 1024K, 1 young (1024K), 1 survivors (1024K)
 Metaspace       used 71947K, committed 72576K, reserved 1114112K
  class space    used 10399K, committed 10688K, reserved 1048576K
}
Event: 79.999 GC heap before
{Heap before GC invocations=35 (full 0):
 garbage-first heap   total 75776K, used 57784K [0x00000000e0000000, 0x0000000100000000)
  region size 1024K, 20 young (20480K), 1 survivors (1024K)
 Metaspace       used 72516K, committed 73088K, reserved 1114112K
  class space    used 10475K, committed 10752K, reserved 1048576K
}

