# JRE version: OpenJDK Runtime Environment Temurin-17.0.18+8 (17.0.18+8) (build 17.0.18+8)
# Java VM: OpenJDK 64-Bit Server VM Temurin-17.0.18+8 (17.0.18+8, mixed mode, sharing, tiered, compressed oops, compressed class ptrs, g1 gc, windows-amd64)
GC Precious Log:
 CPUs: 8 total, 8 available
 Memory: 6082M
 Large Page Support: Disabled
 NUMA Support: Disabled
 Compressed Oops: Enabled (32-bit)
 Heap Region Size: 1M
 Heap Min Capacity: 8M
 Heap Initial Capacity: 96M
 Heap Max Capacity: 1522M
 Pre-touch: Disabled
 Parallel Workers: 8
 Concurrent Workers: 2
 Concurrent Refinement Workers: 8
 Periodic GC: Disabled
Heap:
 garbage-first heap   total 187392K, used 134347K [0x00000000a0e00000, 0x0000000100000000)
  region size 1024K, 10 young (10240K), 4 survivors (4096K)
 Metaspace       used 96865K, committed 97728K, reserved 1179648K
  class space    used 13259K, committed 13696K, reserved 1048576K
GC Heap History (20 events):
Event: 154.168 GC heap before
{Heap before GC invocations=52 (full 0):
 garbage-first heap   total 187392K, used 155182K [0x00000000a0e00000, 0x0000000100000000)
  region size 1024K, 58 young (59392K), 7 survivors (7168K)
 Metaspace       used 94600K, committed 95360K, reserved 1179648K
  class space    used 13061K, committed 13440K, reserved 1048576K
}
Event: 154.217 GC heap after
{Heap after GC invocations=53 (full 0):
 garbage-first heap   total 187392K, used 106208K [0x00000000a0e00000, 0x0000000100000000)
  region size 1024K, 5 young (5120K), 5 survivors (5120K)
 Metaspace       used 94600K, committed 95360K, reserved 1179648K
  class space    used 13061K, committed 13440K, reserved 1048576K
}
Event: 168.936 GC heap before
{Heap before GC invocations=53 (full 0):
 garbage-first heap   total 187392K, used 154336K [0x00000000a0e00000, 0x0000000100000000)
  region size 1024K, 53 young (54272K), 5 survivors (5120K)
 Metaspace       used 94742K, committed 95488K, reserved 1179648K
  class space    used 13061K, committed 13440K, reserved 1048576K
}
Event: 168.964 GC heap after
{Heap after GC invocations=54 (full 0):
 garbage-first heap   total 187392K, used 108093K [0x00000000a0e00000, 0x0000000100000000)
  region size 1024K, 3 young (3072K), 3 survivors (3072K)
 Metaspace       used 94742K, committed 95488K, reserved 1179648K
  class space    used 13061K, committed 13440K, reserved 1048576K
}
Event: 171.613 GC heap before
{Heap before GC invocations=54 (full 0):
 garbage-first heap   total 187392K, used 156221K [0x00000000a0e00000, 0x0000000100000000)
  region size 1024K, 50 young (51200K), 3 survivors (3072K)
 Metaspace       used 94825K, committed 95616K, reserved 1179648K
  class space    used 13070K, committed 13504K, reserved 1048576K
}
Event: 171.640 GC heap after
{Heap after GC invocations=55 (full 0):
 garbage-first heap   total 187392K, used 111801K [0x00000000a0e00000, 0x0000000100000000)
  region size 1024K, 7 young (7168K), 7 survivors (7168K)
 Metaspace       used 94825K, committed 95616K, reserved 1179648K
  class space    used 13070K, committed 13504K, reserved 1048576K
}
Event: 173.135 GC heap before
{Heap before GC invocations=55 (full 0):
 garbage-first heap   total 187392K, used 156857K [0x00000000a0e00000, 0x0000000100000000)
  region size 1024K, 51 young (52224K), 7 survivors (7168K)
 Metaspace       used 94913K, committed 95744K, reserved 1179648K
  class space    used 13071K, committed 13504K, reserved 1048576K
}
Event: 173.212 GC heap after
{Heap after GC invocations=56 (full 0):
 garbage-first heap   total 187392K, used 115102K [0x00000000a0e00000, 0x0000000100000000)
  region size 1024K, 4 young (4096K), 4 survivors (4096K)
 Metaspace       used 94913K, committed 95744K, reserved 1179648K
  class space    used 13071K, committed 13504K, reserved 1048576K
}
Event: 175.082 GC heap before
{Heap before GC invocations=56 (full 0):
 garbage-first heap   total 187392K, used 157086K [0x00000000a0e00000, 0x0000000100000000)
  region size 1024K, 45 young (46080K), 4 survivors (4096K)
 Metaspace       used 94985K, committed 95808K, reserved 1179648K
  class space    used 13078K, committed 13504K, reserved 1048576K
}
Event: 175.090 GC heap after
{Heap after GC invocations=57 (full 0):
 garbage-first heap   total 187392K, used 116567K [0x00000000a0e00000, 0x0000000100000000)
  region size 1024K, 5 young (5120K), 5 survivors (5120K)
 Metaspace       used 94985K, committed 95808K, reserved 1179648K
  class space    used 13078K, committed 13504K, reserved 1048576K
}
Event: 176.620 GC heap before
{Heap before GC invocations=57 (full 0):
 garbage-first heap   total 187392K, used 157527K [0x00000000a0e00000, 0x0000000100000000)
  region size 1024K, 46 young (47104K), 5 survivors (5120K)
 Metaspace       used 95036K, committed 95808K, reserved 1179648K
  class space    used 13079K, committed 13504K, reserved 1048576K
}
Event: 176.649 GC heap after
{Heap after GC invocations=58 (full 0):
 garbage-first heap   total 187392K, used 120252K [0x00000000a0e00000, 0x0000000100000000)
  region size 1024K, 6 young (6144K), 6 survivors (6144K)
 Metaspace       used 95036K, committed 95808K, reserved 1179648K
  class space    used 13079K, committed 13504K, reserved 1048576K
}
Event: 177.501 GC heap before
{Heap before GC invocations=58 (full 0):
 garbage-first heap   total 187392K, used 158140K [0x00000000a0e00000, 0x0000000100000000)
  region size 1024K, 43 young (44032K), 6 survivors (6144K)
 Metaspace       used 95126K, committed 96000K, reserved 1179648K
  class space    used 13081K, committed 13504K, reserved 1048576K
}
Event: 177.731 GC heap after
{Heap after GC invocations=59 (full 0):
 garbage-first heap   total 187392K, used 122023K [0x00000000a0e00000, 0x0000000100000000)
  region size 1024K, 2 young (2048K), 2 survivors (2048K)
 Metaspace       used 95126K, committed 96000K, reserved 1179648K
  class space    used 13081K, committed 13504K, reserved 1048576K
}
Event: 247.909 GC heap before
{Heap before GC invocations=59 (full 0):
 garbage-first heap   total 187392K, used 158887K [0x00000000a0e00000, 0x0000000100000000)
  region size 1024K, 38 young (38912K), 2 survivors (2048K)
 Metaspace       used 96373K, committed 97152K, reserved 1179648K
  class space    used 13236K, committed 13632K, reserved 1048576K
}
Event: 248.028 GC heap after
{Heap after GC invocations=60 (full 0):
 garbage-first heap   total 187392K, used 122874K [0x00000000a0e00000, 0x0000000100000000)
  region size 1024K, 3 young (3072K), 3 survivors (3072K)
 Metaspace       used 96373K, committed 97152K, reserved 1179648K
  class space    used 13236K, committed 13632K, reserved 1048576K
}
Event: 260.469 GC heap before
{Heap before GC invocations=60 (full 0):
 garbage-first heap   total 187392K, used 159738K [0x00000000a0e00000, 0x0000000100000000)
  region size 1024K, 39 young (39936K), 3 survivors (3072K)
 Metaspace       used 96587K, committed 97408K, reserved 1179648K
  class space    used 13248K, committed 13632K, reserved 1048576K
}
Event: 260.528 GC heap after
{Heap after GC invocations=61 (full 0):
 garbage-first heap   total 187392K, used 125842K [0x00000000a0e00000, 0x0000000100000000)
  region size 1024K, 5 young (5120K), 5 survivors (5120K)
 Metaspace       used 96587K, committed 97408K, reserved 1179648K
  class space    used 13248K, committed 13632K, reserved 1048576K
}
Event: 265.965 GC heap before
{Heap before GC invocations=61 (full 0):
 garbage-first heap   total 187392K, used 159634K [0x00000000a0e00000, 0x0000000100000000)
  region size 1024K, 38 young (38912K), 5 survivors (5120K)
 Metaspace       used 96851K, committed 97664K, reserved 1179648K
  class space    used 13258K, committed 13696K, reserved 1048576K
}
Event: 266.020 GC heap after
{Heap after GC invocations=62 (full 0):
 garbage-first heap   total 187392K, used 129227K [0x00000000a0e00000, 0x0000000100000000)
  region size 1024K, 4 young (4096K), 4 survivors (4096K)
 Metaspace       used 96851K, committed 97664K, reserved 1179648K
  class space    used 13258K, committed 13696K, reserved 1048576K
}

