# JRE version: OpenJDK Runtime Environment Temurin-17.0.18+8 (17.0.18+8) (build 17.0.18+8)
# Java VM: OpenJDK 64-Bit Server VM Temurin-17.0.18+8 (17.0.18+8, mixed mode, sharing, tiered, compressed oops, compressed class ptrs, g1 gc, windows-amd64)
GC Precious Log:
 CPUs: 8 total, 8 available
 Memory: 6082M
 Large Page Support: Disabled
 NUMA Support: Disabled
 Compressed Oops: Enabled (32-bit)
 Heap Region Size: 1M
 Heap Min Capacity: 8M
 Heap Initial Capacity: 96M
 Heap Max Capacity: 1522M
 Pre-touch: Disabled
 Parallel Workers: 8
 Concurrent Workers: 2
 Concurrent Refinement Workers: 8
 Periodic GC: Disabled
Heap:
 garbage-first heap   total 58368K, used 22367K [0x00000000a0e00000, 0x0000000100000000)
  region size 1024K, 6 young (6144K), 3 survivors (3072K)
 Metaspace       used 28957K, committed 29312K, reserved 1114112K
  class space    used 3846K, committed 4032K, reserved 1048576K
GC Heap History (14 events):
Event: 2.126 GC heap before
{Heap before GC invocations=0 (full 0):
 garbage-first heap   total 98304K, used 24576K [0x00000000a0e00000, 0x0000000100000000)
  region size 1024K, 23 young (23552K), 0 survivors (0K)
 Metaspace       used 5001K, committed 5184K, reserved 1114112K
  class space    used 601K, committed 704K, reserved 1048576K
}
Event: 2.139 GC heap after
{Heap after GC invocations=1 (full 0):
 garbage-first heap   total 98304K, used 8704K [0x00000000a0e00000, 0x0000000100000000)
  region size 1024K, 3 young (3072K), 3 survivors (3072K)
 Metaspace       used 5001K, committed 5184K, reserved 1114112K
  class space    used 601K, committed 704K, reserved 1048576K
}
Event: 4.547 GC heap before
{Heap before GC invocations=1 (full 0):
 garbage-first heap   total 98304K, used 33280K [0x00000000a0e00000, 0x0000000100000000)
  region size 1024K, 27 young (27648K), 3 survivors (3072K)
 Metaspace       used 9168K, committed 9408K, reserved 1114112K
  class space    used 1104K, committed 1216K, reserved 1048576K
}
Event: 4.560 GC heap after
{Heap after GC invocations=2 (full 0):
 garbage-first heap   total 98304K, used 10636K [0x00000000a0e00000, 0x0000000100000000)
  region size 1024K, 2 young (2048K), 2 survivors (2048K)
 Metaspace       used 9168K, committed 9408K, reserved 1114112K
  class space    used 1104K, committed 1216K, reserved 1048576K
}
Event: 9.098 GC heap before
{Heap before GC invocations=2 (full 0):
 garbage-first heap   total 98304K, used 61836K [0x00000000a0e00000, 0x0000000100000000)
  region size 1024K, 53 young (54272K), 2 survivors (2048K)
 Metaspace       used 20238K, committed 20608K, reserved 1114112K
  class space    used 2772K, committed 2944K, reserved 1048576K
}
Event: 9.111 GC heap after
{Heap after GC invocations=3 (full 0):
 garbage-first heap   total 98304K, used 14243K [0x00000000a0e00000, 0x0000000100000000)
  region size 1024K, 6 young (6144K), 6 survivors (6144K)
 Metaspace       used 20238K, committed 20608K, reserved 1114112K
  class space    used 2772K, committed 2944K, reserved 1048576K
}
Event: 9.829 GC heap before
{Heap before GC invocations=3 (full 0):
 garbage-first heap   total 98304K, used 19363K [0x00000000a0e00000, 0x0000000100000000)
  region size 1024K, 13 young (13312K), 6 survivors (6144K)
 Metaspace       used 21180K, committed 21504K, reserved 1114112K
  class space    used 2886K, committed 3072K, reserved 1048576K
}
Event: 9.837 GC heap after
{Heap after GC invocations=4 (full 0):
 garbage-first heap   total 98304K, used 14770K [0x00000000a0e00000, 0x0000000100000000)
  region size 1024K, 5 young (5120K), 5 survivors (5120K)
 Metaspace       used 21180K, committed 21504K, reserved 1114112K
  class space    used 2886K, committed 3072K, reserved 1048576K
}
Event: 11.568 GC heap before
{Heap before GC invocations=5 (full 0):
 garbage-first heap   total 58368K, used 44466K [0x00000000a0e00000, 0x0000000100000000)
  region size 1024K, 34 young (34816K), 5 survivors (5120K)
 Metaspace       used 25865K, committed 26176K, reserved 1114112K
  class space    used 3445K, committed 3584K, reserved 1048576K
}
Event: 11.581 GC heap after
{Heap after GC invocations=6 (full 0):
 garbage-first heap   total 58368K, used 17575K [0x00000000a0e00000, 0x0000000100000000)
  region size 1024K, 4 young (4096K), 4 survivors (4096K)
 Metaspace       used 25865K, committed 26176K, reserved 1114112K
  class space    used 3445K, committed 3584K, reserved 1048576K
}
Event: 11.667 GC heap before
{Heap before GC invocations=6 (full 0):
 garbage-first heap   total 58368K, used 18599K [0x00000000a0e00000, 0x0000000100000000)
  region size 1024K, 5 young (5120K), 4 survivors (4096K)
 Metaspace       used 26118K, committed 26432K, reserved 1114112K
  class space    used 3468K, committed 3584K, reserved 1048576K
}
Event: 11.676 GC heap after
{Heap after GC invocations=7 (full 0):
 garbage-first heap   total 58368K, used 18050K [0x00000000a0e00000, 0x0000000100000000)
  region size 1024K, 1 young (1024K), 1 survivors (1024K)
 Metaspace       used 26118K, committed 26432K, reserved 1114112K
  class space    used 3468K, committed 3584K, reserved 1048576K
}
Event: 13.196 GC heap before
{Heap before GC invocations=7 (full 0):
 garbage-first heap   total 58368K, used 41602K [0x00000000a0e00000, 0x0000000100000000)
  region size 1024K, 24 young (24576K), 1 survivors (1024K)
 Metaspace       used 28574K, committed 28928K, reserved 1114112K
  class space    used 3795K, committed 3968K, reserved 1048576K
}
Event: 13.205 GC heap after
{Heap after GC invocations=8 (full 0):
 garbage-first heap   total 58368K, used 20319K [0x00000000a0e00000, 0x0000000100000000)
  region size 1024K, 3 young (3072K), 3 survivors (3072K)
 Metaspace       used 28574K, committed 28928K, reserved 1114112K
  class space    used 3795K, committed 3968K, reserved 1048576K
}

