# JRE version: OpenJDK Runtime Environment Temurin-17.0.18+8 (17.0.18+8) (build 17.0.18+8)
# Java VM: OpenJDK 64-Bit Server VM Temurin-17.0.18+8 (17.0.18+8, mixed mode, sharing, tiered, compressed oops, compressed class ptrs, g1 gc, windows-amd64)
GC Precious Log:
 CPUs: 8 total, 8 available
 Memory: 6082M
 Large Page Support: Disabled
 NUMA Support: Disabled
 Compressed Oops: Enabled (32-bit)
 Heap Region Size: 1M
 Heap Min Capacity: 8M
 Heap Initial Capacity: 96M
 Heap Max Capacity: 1522M
 Pre-touch: Disabled
 Parallel Workers: 8
 Concurrent Workers: 2
 Concurrent Refinement Workers: 8
 Periodic GC: Disabled
Heap:
 garbage-first heap   total 138240K, used 58843K [0x00000000a0e00000, 0x0000000100000000)
  region size 1024K, 3 young (3072K), 3 survivors (3072K)
 Metaspace       used 32036K, committed 32768K, reserved 1114112K
  class space    used 3557K, committed 3840K, reserved 1048576K
GC Heap History (20 events):
Event: 20.950 GC heap after
{Heap after GC invocations=10 (full 0):
 garbage-first heap   total 138240K, used 42512K [0x00000000a0e00000, 0x0000000100000000)
  region size 1024K, 3 young (3072K), 3 survivors (3072K)
 Metaspace       used 27711K, committed 28032K, reserved 1114112K
  class space    used 3148K, committed 3264K, reserved 1048576K
}
Event: 23.073 GC heap before
{Heap before GC invocations=10 (full 0):
 garbage-first heap   total 138240K, used 95760K [0x00000000a0e00000, 0x0000000100000000)
  region size 1024K, 55 young (56320K), 3 survivors (3072K)
 Metaspace       used 29296K, committed 29632K, reserved 1114112K
  class space    used 3320K, committed 3456K, reserved 1048576K
}
Event: 23.083 GC heap after
{Heap after GC invocations=11 (full 0):
 garbage-first heap   total 138240K, used 43549K [0x00000000a0e00000, 0x0000000100000000)
  region size 1024K, 4 young (4096K), 4 survivors (4096K)
 Metaspace       used 29296K, committed 29632K, reserved 1114112K
  class space    used 3320K, committed 3456K, reserved 1048576K
}
Event: 24.556 GC heap before
{Heap before GC invocations=11 (full 0):
 garbage-first heap   total 138240K, used 99869K [0x00000000a0e00000, 0x0000000100000000)
  region size 1024K, 59 young (60416K), 4 survivors (4096K)
 Metaspace       used 29547K, committed 29888K, reserved 1114112K
  class space    used 3323K, committed 3456K, reserved 1048576K
}
Event: 24.565 GC heap after
{Heap after GC invocations=12 (full 0):
 garbage-first heap   total 138240K, used 43724K [0x00000000a0e00000, 0x0000000100000000)
  region size 1024K, 4 young (4096K), 4 survivors (4096K)
 Metaspace       used 29547K, committed 29888K, reserved 1114112K
  class space    used 3323K, committed 3456K, reserved 1048576K
}
Event: 29.535 GC heap before
{Heap before GC invocations=12 (full 0):
 garbage-first heap   total 138240K, used 106188K [0x00000000a0e00000, 0x0000000100000000)
  region size 1024K, 63 young (64512K), 4 survivors (4096K)
 Metaspace       used 32049K, committed 32384K, reserved 1114112K
  class space    used 3584K, committed 3712K, reserved 1048576K
}
Event: 29.557 GC heap after
{Heap after GC invocations=13 (full 0):
 garbage-first heap   total 138240K, used 47415K [0x00000000a0e00000, 0x0000000100000000)
  region size 1024K, 8 young (8192K), 8 survivors (8192K)
 Metaspace       used 32049K, committed 32384K, reserved 1114112K
  class space    used 3584K, committed 3712K, reserved 1048576K
}
Event: 31.410 GC heap before
{Heap before GC invocations=13 (full 0):
 garbage-first heap   total 138240K, used 109879K [0x00000000a0e00000, 0x0000000100000000)
  region size 1024K, 65 young (66560K), 8 survivors (8192K)
 Metaspace       used 32136K, committed 32512K, reserved 1114112K
  class space    used 3587K, committed 3776K, reserved 1048576K
}
Event: 31.454 GC heap after
{Heap after GC invocations=14 (full 0):
 garbage-first heap   total 138240K, used 70315K [0x00000000a0e00000, 0x0000000100000000)
  region size 1024K, 9 young (9216K), 9 survivors (9216K)
 Metaspace       used 32136K, committed 32512K, reserved 1114112K
  class space    used 3587K, committed 3776K, reserved 1048576K
}
Event: 33.252 GC heap before
{Heap before GC invocations=14 (full 0):
 garbage-first heap   total 138240K, used 105131K [0x00000000a0e00000, 0x0000000100000000)
  region size 1024K, 44 young (45056K), 9 survivors (9216K)
 Metaspace       used 32666K, committed 33024K, reserved 1114112K
  class space    used 3648K, committed 3840K, reserved 1048576K
}
Event: 33.278 GC heap after
{Heap after GC invocations=15 (full 0):
 garbage-first heap   total 138240K, used 76287K [0x00000000a0e00000, 0x0000000100000000)
  region size 1024K, 5 young (5120K), 5 survivors (5120K)
 Metaspace       used 32666K, committed 33024K, reserved 1114112K
  class space    used 3648K, committed 3840K, reserved 1048576K
}
Event: 34.142 GC heap before
{Heap before GC invocations=15 (full 0):
 garbage-first heap   total 138240K, used 107007K [0x00000000a0e00000, 0x0000000100000000)
  region size 1024K, 36 young (36864K), 5 survivors (5120K)
 Metaspace       used 33584K, committed 33984K, reserved 1114112K
  class space    used 3753K, committed 3968K, reserved 1048576K
}
Event: 34.151 GC heap after
{Heap after GC invocations=16 (full 0):
 garbage-first heap   total 138240K, used 77311K [0x00000000a0e00000, 0x0000000100000000)
  region size 1024K, 1 young (1024K), 1 survivors (1024K)
 Metaspace       used 33584K, committed 33984K, reserved 1114112K
  class space    used 3753K, committed 3968K, reserved 1048576K
}
Event: 35.446 GC heap before
{Heap before GC invocations=17 (full 0):
 garbage-first heap   total 138240K, used 111103K [0x00000000a0e00000, 0x0000000100000000)
  region size 1024K, 34 young (34816K), 1 survivors (1024K)
 Metaspace       used 31813K, committed 32704K, reserved 1114112K
  class space    used 3546K, committed 3840K, reserved 1048576K
}
Event: 35.454 GC heap after
{Heap after GC invocations=18 (full 0):
 garbage-first heap   total 138240K, used 77419K [0x00000000a0e00000, 0x0000000100000000)
  region size 1024K, 2 young (2048K), 2 survivors (2048K)
 Metaspace       used 31813K, committed 32704K, reserved 1114112K
  class space    used 3546K, committed 3840K, reserved 1048576K
}
Event: 35.502 GC heap before
{Heap before GC invocations=18 (full 0):
 garbage-first heap   total 138240K, used 81515K [0x00000000a0e00000, 0x0000000100000000)
  region size 1024K, 6 young (6144K), 2 survivors (2048K)
 Metaspace       used 31822K, committed 32704K, reserved 1114112K
  class space    used 3546K, committed 3840K, reserved 1048576K
}
Event: 35.510 GC heap after
{Heap after GC invocations=19 (full 0):
 garbage-first heap   total 138240K, used 64341K [0x00000000a0e00000, 0x0000000100000000)
  region size 1024K, 1 young (1024K), 1 survivors (1024K)
 Metaspace       used 31822K, committed 32704K, reserved 1114112K
  class space    used 3546K, committed 3840K, reserved 1048576K
}
Event: 35.559 GC heap before
{Heap before GC invocations=19 (full 0):
 garbage-first heap   total 138240K, used 69461K [0x00000000a0e00000, 0x0000000100000000)
  region size 1024K, 6 young (6144K), 1 survivors (1024K)
 Metaspace       used 31830K, committed 32704K, reserved 1114112K
  class space    used 3546K, committed 3840K, reserved 1048576K
}
Event: 35.563 GC heap after
{Heap after GC invocations=20 (full 0):
 garbage-first heap   total 138240K, used 57226K [0x00000000a0e00000, 0x0000000100000000)
  region size 1024K, 1 young (1024K), 1 survivors (1024K)
 Metaspace       used 31830K, committed 32704K, reserved 1114112K
  class space    used 3546K, committed 3840K, reserved 1048576K
}
Event: 36.320 GC heap before
{Heap before GC invocations=20 (full 0):
 garbage-first heap   total 138240K, used 107402K [0x00000000a0e00000, 0x0000000100000000)
  region size 1024K, 50 young (51200K), 1 survivors (1024K)
 Metaspace       used 32036K, committed 32768K, reserved 1114112K
  class space    used 3557K, committed 3840K, reserved 1048576K
}

